C:\USERS\AERONTECH\DESKTOP\GAME4\BGI\RELEASE\BGI.EXE
C:\USERS\AERONTECH\DESKTOP\GAME4\BGI\RELEASE\BGI.EXE.INTERMEDIATE.MANIFEST
C:\USERS\AERONTECH\DESKTOP\GAME4\BGI\RELEASE\BGI.PDB
C:\Users\AeronTech\Desktop\Game4\bgi\Release\bgi.vcxprojResolveAssemblyReference.cache
C:\Users\AeronTech\Desktop\Game4\bgi\Release\bgi.write.1.tlog
C:\USERS\AERONTECH\DESKTOP\GAME4\BGI\RELEASE\BGIOUT.OBJ
C:\Users\AeronTech\Desktop\Game4\bgi\Release\cl.command.1.tlog
C:\Users\AeronTech\Desktop\Game4\bgi\Release\CL.read.1.tlog
C:\Users\AeronTech\Desktop\Game4\bgi\Release\CL.write.1.tlog
C:\USERS\AERONTECH\DESKTOP\GAME4\BGI\RELEASE\DIBUTIL.OBJ
C:\USERS\AERONTECH\DESKTOP\GAME4\BGI\RELEASE\DRAWING.OBJ
C:\USERS\AERONTECH\DESKTOP\GAME4\BGI\RELEASE\FILE.OBJ
C:\Users\AeronTech\Desktop\Game4\bgi\Release\link.command.1.tlog
C:\Users\AeronTech\Desktop\Game4\bgi\Release\link.read.1.tlog
C:\Users\AeronTech\Desktop\Game4\bgi\Release\link.write.1.tlog
C:\USERS\AERONTECH\DESKTOP\GAME4\BGI\RELEASE\MAIN.OBJ
C:\USERS\AERONTECH\DESKTOP\GAME4\BGI\RELEASE\MISC.OBJ
C:\USERS\AERONTECH\DESKTOP\GAME4\BGI\RELEASE\MOUSE.OBJ
C:\Users\AeronTech\Desktop\Game4\bgi\Release\mt.command.1.tlog
C:\Users\AeronTech\Desktop\Game4\bgi\Release\mt.read.1.tlog
C:\Users\AeronTech\Desktop\Game4\bgi\Release\mt.write.1.tlog
C:\USERS\AERONTECH\DESKTOP\GAME4\BGI\RELEASE\PALETTE.OBJ
C:\USERS\AERONTECH\DESKTOP\GAME4\BGI\RELEASE\SCOREBOARD.OBJ
C:\USERS\AERONTECH\DESKTOP\GAME4\BGI\RELEASE\SOURCE.OBJ
C:\USERS\AERONTECH\DESKTOP\GAME4\BGI\RELEASE\TEXT.OBJ
C:\USERS\AERONTECH\DESKTOP\GAME4\BGI\RELEASE\VC100.PDB
C:\USERS\AERONTECH\DESKTOP\GAME4\BGI\RELEASE\WINBGI.OBJ
C:\USERS\AERONTECH\DESKTOP\GAME4\BGI\RELEASE\WINTHREAD.OBJ
